<?xml version="1.0" encoding="UTF-8"?>
<testsuite name="JUnit Jupiter" tests="12" skipped="0" failures="0" errors="0" time="0.042" hostname="raghav" timestamp="2020-03-03T09:07:39">
<properties>
[...]
</properties>
<testcase name="should_ReturnMainString_When_SubstringNotFound()" classname="com.im.FirstTest$TestsForStringReplacement" time="0.007">
<system-out><![CDATA[
unique-id: [engine:junit-jupiter]/[class:com.im.FirstTest]/[nested-class:TestsForStringReplacement]/[method:should_ReturnMainString_When_SubstringNotFound()]
display-name: should_ReturnMainString_When_SubstringNotFound()
]]></system-out>
</testcase>
<testcase name="should_ReturnMainString_When_SubstringIsNull()" classname="com.im.FirstTest$TestsForStringReplacement" time="0">
<system-out><![CDATA[
unique-id: [engine:junit-jupiter]/[class:com.im.FirstTest]/[nested-class:TestsForStringReplacement]/[method:should_ReturnMainString_When_SubstringIsNull()]
display-name: should_ReturnMainString_When_SubstringIsNull()
]]></system-out>
</testcase>
<testcase name="should_ReturnUpdatedString_When_SubstringFound()" classname="com.im.FirstTest$TestsForStringReplacement" time="0">
<system-out><![CDATA[
unique-id: [engine:junit-jupiter]/[class:com.im.FirstTest]/[nested-class:TestsForStringReplacement]/[method:should_ReturnUpdatedString_When_SubstringFound()]
display-name: should_ReturnUpdatedString_When_SubstringFound()
]]></system-out>
</testcase>
<testcase name="should_ReturnMainString_When_MainStringIsEmpty()" classname="com.im.FirstTest$TestsForStringReplacement" time="0.001">
<system-out><![CDATA[
unique-id: [engine:junit-jupiter]/[class:com.im.FirstTest]/[nested-class:TestsForStringReplacement]/[method:should_ReturnMainString_When_MainStringIsEmpty()]
display-name: should_ReturnMainString_When_MainStringIsEmpty()
]]></system-out>
</testcase>
<testcase name="should_ReturnMainString_When_ReplacedStringIsNull()" classname="com.im.FirstTest$TestsForStringReplacement" time="0">
<system-out><![CDATA[
unique-id: [engine:junit-jupiter]/[class:com.im.FirstTest]/[nested-class:TestsForStringReplacement]/[method:should_ReturnMainString_When_ReplacedStringIsNull()]
display-name: should_ReturnMainString_When_ReplacedStringIsNull()
]]></system-out>
</testcase>
<testcase name="should_ReturnCorrectFilteredList_When_ListNotEmpty()" classname="com.im.FirstTest$TestsForFilteringElementsMethod" time="0.001">
<system-out><![CDATA[
unique-id: [engine:junit-jupiter]/[class:com.im.FirstTest]/[nested-class:TestsForFilteringElementsMethod]/[method:should_ReturnCorrectFilteredList_When_ListNotEmpty()]
display-name: should_ReturnCorrectFilteredList_When_ListNotEmpty()
]]></system-out>
</testcase>
<testcase name="should_ThrowException_When_ListIsNull()" classname="com.im.FirstTest$CalculateAverageTests" time="0.001">
<system-out><![CDATA[
unique-id: [engine:junit-jupiter]/[class:com.im.FirstTest]/[nested-class:CalculateAverageTests]/[method:should_ThrowException_When_ListIsNull()]
display-name: should_ThrowException_When_ListIsNull()
]]></system-out>
</testcase>
<testcase name="should_ThrowException_When_ListIsEmpty()" classname="com.im.FirstTest$CalculateAverageTests" time="0.001">
<system-out><![CDATA[
unique-id: [engine:junit-jupiter]/[class:com.im.FirstTest]/[nested-class:CalculateAverageTests]/[method:should_ThrowException_When_ListIsEmpty()]
display-name: should_ThrowException_When_ListIsEmpty()
]]></system-out>
</testcase>
<testcase name="should_ReturnCorrectAverage_When_ListIsNotEmpty()" classname="com.im.FirstTest$CalculateAverageTests" time="0.001">
<system-out><![CDATA[
unique-id: [engine:junit-jupiter]/[class:com.im.FirstTest]/[nested-class:CalculateAverageTests]/[method:should_ReturnCorrectAverage_When_ListIsNotEmpty()]
display-name: should_ReturnCorrectAverage_When_ListIsNotEmpty()
]]></system-out>
</testcase>
<testcase name="should_ReturnTrue_When_StringIsPalindrome()" classname="com.im.FirstTest$PalindromeTests" time="0.001">
<system-out><![CDATA[
unique-id: [engine:junit-jupiter]/[class:com.im.FirstTest]/[nested-class:PalindromeTests]/[method:should_ReturnTrue_When_StringIsPalindrome()]
display-name: should_ReturnTrue_When_StringIsPalindrome()
]]></system-out>
</testcase>
<testcase name="should_ReturnFalse_When_StringIsEmpty()" classname="com.im.FirstTest$PalindromeTests" time="0">
<system-out><![CDATA[
unique-id: [engine:junit-jupiter]/[class:com.im.FirstTest]/[nested-class:PalindromeTests]/[method:should_ReturnFalse_When_StringIsEmpty()]
display-name: should_ReturnFalse_When_StringIsEmpty()
]]></system-out>
</testcase>
<testcase name="should_ReturnFalse_When_StringIsNotPalindrome()" classname="com.im.FirstTest$PalindromeTests" time="0.001">
<system-out><![CDATA[
unique-id: [engine:junit-jupiter]/[class:com.im.FirstTest]/[nested-class:PalindromeTests]/[method:should_ReturnFalse_When_StringIsNotPalindrome()]
display-name: should_ReturnFalse_When_StringIsNotPalindrome()
]]></system-out>
</testcase>
<system-out><![CDATA[
unique-id: [engine:junit-jupiter]
display-name: JUnit Jupiter
]]></system-out>
</testsuite>
